oot@698d22a8e51a:/go/src/github.com/zorawar87/certificate-transparency-go# /docker-entrypoint.sh --gosmin
[1 of 1] install gosmin
Starting gosmin server...
I0215 20:37:16.902981    1299 instance.go:140] configured source log athos at http://13.90.224.64:6965/athos (&{Name:athos URL:http://13.90.224.64:6965/athos Log:0xc000031bd0 MinInterval:10s})
I0215 20:37:16.903303    1299 instance.go:140] configured source log porthos at http://40.114.31.88:6965/porthos (&{Name:porthos URL:http://40.114.31.88:6965/porthos Log:0xc000031cc0 MinInterval:10s})
I0215 20:37:16.903335    1299 instance.go:162] configured monitor monitor-a at http://monitora:6965 (&{Name:monitor-a URL:http://monitora:6965 Monitor:0xc000031db0 lastBroadcast:map[]})
I0215 20:37:16.903366    1299 instance.go:162] configured monitor monitor-b at http://monitorb:6965 (&{Name:monitor-b URL:http://monitorb:6965 Monitor:0xc000031ea0 lastBroadcast:map[]})
I0215 20:37:16.903402    1299 instance.go:175] configured dest Hub athos-hub at http://13.90.224.64:6965/athos (&{Name:athos-hub URL:http://13.90.224.64:6965/athos Submitter:0xc00000e2a0 MinInterval:25s lastHubSubmission:map[]})
E0215 20:37:16.903430    1299 instance.go:188] athos-hub: Overall STH retrieval rate (0.200000 Hz) higher than submission limit (0.040000 Hz) for hub, retrieved STHs may be dropped
I0215 20:37:16.903645    1299 main.go:55] **** Gossiper Starting ****
I0215 20:37:16.903705    1299 gossip.go:259] starting Retriever(athos)
I0215 20:37:16.903868    1299 gossip.go:259] starting Retriever(porthos)
I0215 20:37:16.903933    1299 gossip.go:356] Retriever(porthos): wait for 3.082153551s before starting...
I0215 20:37:16.903883    1299 gossip.go:356] Retriever(athos): wait for 1.94777941s before starting...
I0215 20:37:18.852525    1299 gossip.go:363] Retriever(athos): wait for 1.94777941s before starting...done
I0215 20:37:18.852633    1299 gossip.go:368] Retriever(athos): Get STH
I0215 20:37:18.852776    1299 gossip.go:375] Retriever(athos): Previous Tree Size (0)
I0215 20:37:18.852813    1299 gossip.go:402] Get STH for source log athos
I0215 20:37:19.136745    1299 gossip.go:417] Retriever(athos): got STH size=1121 timestamp=1580681730143 hash=73cf4bd5b9ff5957cc247772a409651444c4add4ced1d737efb029842cd444de
I0215 20:37:19.136843    1299 gossip.go:383] Retriever(athos): obtaining new entries between (1) and (1121)
I0215 20:37:19.136887    1299 gossip.go:422] Get newer entries for source log athos from (1) to (1121)
I0215 20:37:19.986525    1299 gossip.go:363] Retriever(porthos): wait for 3.082153551s before starting...done
I0215 20:37:19.986674    1299 gossip.go:368] Retriever(porthos): Get STH
I0215 20:37:19.986766    1299 gossip.go:375] Retriever(porthos): Previous Tree Size (0)
I0215 20:37:19.986820    1299 gossip.go:402] Get STH for source log porthos
I0215 20:37:20.211725    1299 gossip.go:417] Retriever(porthos): got STH size=0 timestamp=1580704123960 hash=e3b0c44298fc1c149afbf4c8996fb92427ae41e4649b934ca495991b7852b855
I0215 20:37:20.211811    1299 gossip.go:383] Retriever(porthos): obtaining new entries between (1) and (0)
I0215 20:37:20.211853    1299 gossip.go:422] Get newer entries for source log porthos from (1) to (0)
E0215 20:37:20.211895    1299 gossip.go:386] Retriever(porthos): failed to NewerEntries STH: failed to get new entries: start should be <= end
I0215 20:37:20.212010    1299 gossip.go:389] Retriever(porthos): pass on STH
I0215 20:37:20.212207    1299 gossip.go:274] discard STH from porthos
I0215 20:37:21.056569    1299 gossip.go:428] Retriever(athos): got Entries value={1 {0 0 824637088384} 824636089856 0 [] [{[48 130 2 60 48 130 1 225 160 3 2 1 2 2 4 66 66 66 66 48 10 6 8 42 134 72 206 61 4 3 2 48 113 49 11 48 9 6 3 85 4 6 19 2 71 66 49 15 48 13 6 3 85 4 8 19 6 76 111 110 100 111 110 49 15 48 13 6 3 85 4 7 19 6 76 111 110 100 111 110 49 15 48 13 6 3 85 4 10 19 6 71 111 111 103 108 101 49 12 48 10 6 3 85 4 11 19 3 69 110 103 49 33 48 31 6 3 85 4 3 19 24 70 97 107 101 67 101 114 116 105 102 105 99 97 116 101 65 117 116 104 111 114 105 116 121 48 30 23 13 49 56 48 51 50 57 49 55 48 53 49 49 90 23 13 50 56 48 50 48 53 49 55 48 53 49 49 90 48 114 49 11 48 9 6 3 85 4 6 19 2 71 66 49 15 48 13 6 3 85 4 8 19 6 76 111 110 100 111 110 49 15 48 13 6 3 85 4 7 19 6 76 111 110 100 111 110 49 15 48 13 6 3 85 4 10 19 6 71 111 111 103 108 101 49 12 48 10 6 3 85 4 11 19 3 69 110 103 49 34 48 32 6 3 85 4 3 19 25 70 97 107 101 73 110 116 101 114 109 101 100 105 97 116 101 65 117 116 104 111 114 105 116 121 48 89 48 19 6 7 42 134 72 206 61 2 1 6 8 42 134 72 206 61 3 1 7 3 66 0 4 241 191 45 232 140 102 64 227 168 209 84 224 66 73 2 203 221 71 8 133 194 103 65 76 235 247 135 205 141 163 9 200 24 204 46 48 83 22 50 170 213 156 8 115 198 118 250 250 58 56 233 52 53 156 81 209 238 18 129 93 152 95 93 93 163 102 48 100 48 13 6 3 85 29 14 4 6 4 4 5 6 7 8 48 15 6 3 85 29 35 4 8 48 6 128 4 1 2 3 4 48 18 6 3 85 29 19 1 1 255 4 8 48 6 1 1 255 2 1 0 48 15 6 3 85 29 15 1 1 255 4 5 3 3 7 255 128 48 29 6 3 85 29 37 4 22 48 20 6 8 43 6 1 5 5 7 3 1 6 8 43 6 1 5 5 7 3 2 48 10 6 8 42 134 72 206 61 4 3 2 3 73 0 48 70 2 33 0 149 191 72 179 199 107 57 189 142 151 107 191 75 38 222 181 130 8 69 209 68 40 3 80 170 10 216 180 34 247 161 224 2 33 0 251 100 24 200 192 56 18 170 156 94 217 46 202 114 178 198 134 232 224 139 121 180 43 207 119 51 236 97 223 176 198 220]} {[48 130 2 28 48 130 1 193 160 3 2 1 2 2 4 4 6 202 254 48 10 6 8 42 134 72 206 61 4 3 2 48 113 49 11 48 9 6 3 85 4 6 19 2 71 66 49 15 48 13 6 3 85 4 8 19 6 76 111 110 100 111 110 49 15 48 13 6 3 85 4 7 19 6 76 111 110 100 111 110 49 15 48 13 6 3 85 4 10 19 6 71 111 111 103 108 101 49 12 48 10 6 3 85 4 11 19 3 69 110 103 49 33 48 31 6 3 85 4 3 19 24 70 97 107 101 67 101 114 116 105 102 105 99 97 116 101 65 117 116 104 111 114 105 116 121 48 30 23 13 49 54 49 50 48 55 49 53 49 51 51 54 90 23 13 50 54 49 50 48 53 49 53 49 51 51 54 90 48 113 49 11 48 9 6 3 85 4 6 19 2 71 66 49 15 48 13 6 3 85 4 8 19 6 76 111 110 100 111 110 49 15 48 13 6 3 85 4 7 19 6 76 111 110 100 111 110 49 15 48 13 6 3 85 4 10 19 6 71 111 111 103 108 101 49 12 48 10 6 3 85 4 11 19 3 69 110 103 49 33 48 31 6 3 85 4 3 19 24 70 97 107 101 67 101 114 116 105 102 105 99 97 116 101 65 117 116 104 111 114 105 116 121 48 89 48 19 6 7 42 134 72 206 61 2 1 6 8 42 134 72 206 61 3 1 7 3 66 0 4 242 211 7 239 126 223 207 206 244 244 10 91 188 158 63 203 28 253 12 70 220 133 251 193 246 211 178 186 29 81 241 152 108 72 168 21 70 69 99 202 223 214 201 172 207 96 59 199 78 221 184 210 22 171 160 9 36 29 9 102 30 77 235 161 163 71 48 69 48 13 6 3 85 29 14 4 6 4 4 1 2 3 4 48 15 6 3 85 29 35 4 8 48 6 128 4 1 2 3 4 48 18 6 3 85 29 19 1 1 255 4 8 48 6 1 1 255 2 1 10 48 15 6 3 85 29 15 1 1 255 4 5 3 3 7 255 128 48 10 6 8 42 134 72 206 61 4 3 2 3 73 0 48 70 2 33 0 166 40 73 57 67 111 128 228 67 166 30 59 170 137 94 194 37 96 42 225 57 189 85 67 174 77 92 169 166 239 172 101 2 33 0 201 197 8 198 89 147 180 134 112 165 107 84 43 91 252 12 136 107 176 35 7 43 199 12 39 222 135 45 150 128 213 86]}]}
I0215 20:37:21.056796    1299 gossip.go:389] Retriever(athos): pass on STH
I0215 20:37:21.056836    1299 gossip.go:274] discard STH from athos
I0215 20:37:28.852994    1299 gossip.go:368] Retriever(athos): Get STH
I0215 20:37:28.853199    1299 gossip.go:375] Retriever(athos): Previous Tree Size (1121)
I0215 20:37:28.853261    1299 gossip.go:402] Get STH for source log athos
I0215 20:37:28.875701    1299 gossip.go:413] Retriever(athos): same STH as previous
I0215 20:37:29.987048    1299 gossip.go:368] Retriever(porthos): Get STH
I0215 20:37:29.987187    1299 gossip.go:375] Retriever(porthos): Previous Tree Size (0)
I0215 20:37:29.987237    1299 gossip.go:402] Get STH for source log porthos
I0215 20:37:30.018028    1299 gossip.go:413] Retriever(porthos): same STH as previous
I0215 20:37:38.852961    1299 gossip.go:368] Retriever(athos): Get STH
I0215 20:37:38.853052    1299 gossip.go:375] Retriever(athos): Previous Tree Size (1121)
I0215 20:37:38.853215    1299 gossip.go:402] Get STH for source log athos
I0215 20:37:38.871316    1299 gossip.go:413] Retriever(athos): same STH as previous
I0215 20:37:39.986969    1299 gossip.go:368] Retriever(porthos): Get STH
I0215 20:37:39.987073    1299 gossip.go:375] Retriever(porthos): Previous Tree Size (0)
I0215 20:37:39.987123    1299 gossip.go:402] Get STH for source log porthos
I0215 20:37:40.007261    1299 gossip.go:413] Retriever(porthos): same STH as previous
I0215 20:37:48.852850    1299 gossip.go:368] Retriever(athos): Get STH
I0215 20:37:48.852942    1299 gossip.go:375] Retriever(athos): Previous Tree Size (1121)
I0215 20:37:48.852962    1299 gossip.go:402] Get STH for source log athos
I0215 20:37:48.886680    1299 gossip.go:413] Retriever(athos): same STH as previous
I0215 20:37:49.987066    1299 gossip.go:368] Retriever(porthos): Get STH
I0215 20:37:49.987184    1299 gossip.go:375] Retriever(porthos): Previous Tree Size (0)
I0215 20:37:49.987239    1299 gossip.go:402] Get STH for source log porthos
I0215 20:37:50.007613    1299 gossip.go:413] Retriever(porthos): same STH as previous
^CW0215 20:37:50.504316    1299 main.go:91] Signal received: interrupt
W0215 20:37:50.525219    1299 main.go:58] Cancelling master context
I0215 20:37:50.525344    1299 gossip.go:396] Retriever(athos): termination requested
I0215 20:37:50.525390    1299 gossip.go:261] finished Retriever(athos)
I0215 20:37:50.525408    1299 gossip.go:396] Retriever(porthos): termination requested
I0215 20:37:50.525467    1299 gossip.go:261] finished Retriever(porthos)
I0215 20:37:50.525517    1299 main.go:75] Stopping server, about to exit

